<?xml version="1.0" encoding="UTF-8"?>
<!-- Generated by org.testng.reporters.JUnitXMLReporter -->
<testsuite ignored="0" hostname="LAPTOP-BSQS4KBS" failures="0" tests="3" name="Default test" time="2.192" errors="0" timestamp="2023-03-04T19:28:14 IST">
  <testcase classname="DynamicJsonParam" name="updateBook" time="1.628"/>
  <testcase classname="DynamicJsonParam" name="updateBook" time="0.269"/>
  <testcase classname="DynamicJsonParam" name="updateBook" time="0.271"/>
</testsuite> <!-- Default test -->
